[2024-01-04T07:12:48.692+0000] {taskinstance.py:1957} INFO - Dependencies all met for dep_context=non-requeueable deps ti=<TaskInstance: db_dg.create_post_DB scheduled__2024-01-03T00:00:00+00:00 [queued]>
[2024-01-04T07:12:48.702+0000] {taskinstance.py:1957} INFO - Dependencies all met for dep_context=requeueable deps ti=<TaskInstance: db_dg.create_post_DB scheduled__2024-01-03T00:00:00+00:00 [queued]>
[2024-01-04T07:12:48.702+0000] {taskinstance.py:2171} INFO - Starting attempt 4 of 6
[2024-01-04T07:12:48.842+0000] {taskinstance.py:2192} INFO - Executing <Task(PostgresOperator): create_post_DB> on 2024-01-03 00:00:00+00:00
[2024-01-04T07:12:48.857+0000] {standard_task_runner.py:60} INFO - Started process 533 to run task
[2024-01-04T07:12:48.864+0000] {standard_task_runner.py:87} INFO - Running: ['airflow', 'tasks', 'run', 'db_dg', 'create_post_DB', 'scheduled__2024-01-03T00:00:00+00:00', '--job-id', '66', '--raw', '--subdir', 'DAGS_FOLDER/create_database_dag.py', '--cfg-path', '/tmp/tmp0u9vrccp']
[2024-01-04T07:12:48.868+0000] {standard_task_runner.py:88} INFO - Job 66: Subtask create_post_DB
[2024-01-04T07:12:49.016+0000] {task_command.py:423} INFO - Running <TaskInstance: db_dg.create_post_DB scheduled__2024-01-03T00:00:00+00:00 [running]> on host 34fb0f920c20
[2024-01-04T07:12:49.235+0000] {taskinstance.py:2481} INFO - Exporting env vars: AIRFLOW_CTX_DAG_OWNER='prady1900' AIRFLOW_CTX_DAG_ID='db_dg' AIRFLOW_CTX_TASK_ID='create_post_DB' AIRFLOW_CTX_EXECUTION_DATE='2024-01-03T00:00:00+00:00' AIRFLOW_CTX_TRY_NUMBER='4' AIRFLOW_CTX_DAG_RUN_ID='scheduled__2024-01-03T00:00:00+00:00'
[2024-01-04T07:12:49.236+0000] {sql.py:276} INFO - Executing: 
create table if not exists incident_new(
    id integer ,
    impact integer,
    number varchar(50),
    primary key(id)
)
[2024-01-04T07:12:49.245+0000] {base.py:83} INFO - Using connection ID 'postgres_connect' for task execution.
[2024-01-04T07:12:49.311+0000] {base.py:83} INFO - Using connection ID 'postgres_connect' for task execution.
[2024-01-04T07:12:49.319+0000] {sql.py:432} INFO - Running statement: 
create table if not exists incident_new(
    id integer ,
    impact integer,
    number varchar(50),
    primary key(id)
), parameters: None
[2024-01-04T07:12:49.385+0000] {taskinstance.py:1138} INFO - Marking task as SUCCESS. dag_id=db_dg, task_id=create_post_DB, execution_date=20240103T000000, start_date=20240104T071248, end_date=20240104T071249
[2024-01-04T07:12:49.560+0000] {local_task_job_runner.py:234} INFO - Task exited with return code 0
[2024-01-04T07:12:49.578+0000] {taskinstance.py:3281} INFO - 0 downstream tasks scheduled from follow-on schedule check
