[2024-01-01T12:49:40.417+0000] {taskinstance.py:1957} INFO - Dependencies all met for dep_context=non-requeueable deps ti=<TaskInstance: snow_dag.transform_inc_data manual__2024-01-01T12:49:18.458339+00:00 [queued]>
[2024-01-01T12:49:40.429+0000] {taskinstance.py:1957} INFO - Dependencies all met for dep_context=requeueable deps ti=<TaskInstance: snow_dag.transform_inc_data manual__2024-01-01T12:49:18.458339+00:00 [queued]>
[2024-01-01T12:49:40.429+0000] {taskinstance.py:2171} INFO - Starting attempt 1 of 3
[2024-01-01T12:49:40.518+0000] {taskinstance.py:2192} INFO - Executing <Task(PythonOperator): transform_inc_data> on 2024-01-01 12:49:18.458339+00:00
[2024-01-01T12:49:40.522+0000] {standard_task_runner.py:60} INFO - Started process 943 to run task
[2024-01-01T12:49:40.525+0000] {standard_task_runner.py:87} INFO - Running: ['airflow', 'tasks', 'run', 'snow_dag', 'transform_inc_data', 'manual__2024-01-01T12:49:18.458339+00:00', '--job-id', '20', '--raw', '--subdir', 'DAGS_FOLDER/servicenow_dag.py', '--cfg-path', '/tmp/tmphvwl7vri']
[2024-01-01T12:49:40.527+0000] {standard_task_runner.py:88} INFO - Job 20: Subtask transform_inc_data
[2024-01-01T12:49:40.658+0000] {task_command.py:423} INFO - Running <TaskInstance: snow_dag.transform_inc_data manual__2024-01-01T12:49:18.458339+00:00 [running]> on host cdceb6054911
[2024-01-01T12:49:40.882+0000] {taskinstance.py:2481} INFO - Exporting env vars: AIRFLOW_CTX_DAG_OWNER='prady1900' AIRFLOW_CTX_DAG_ID='snow_dag' AIRFLOW_CTX_TASK_ID='transform_inc_data' AIRFLOW_CTX_EXECUTION_DATE='2024-01-01T12:49:18.458339+00:00' AIRFLOW_CTX_TRY_NUMBER='1' AIRFLOW_CTX_DAG_RUN_ID='manual__2024-01-01T12:49:18.458339+00:00'
[2024-01-01T12:49:40.930+0000] {logging_mixin.py:188} INFO - Dataframe
[2024-01-01T12:49:40.941+0000] {logging_mixin.py:188} INFO -         number impact
0   INC0000060      2
1   INC0009002      2
2   INC0000009      1
3   INC0000010      2
4   INC0000011      2
..         ...    ...
62  INC0009005      1
63  INC0000049      2
64  INC0000050      1
65  INC0007001      1
66  INC0007002      3

[67 rows x 2 columns]
[2024-01-01T12:49:40.942+0000] {python.py:201} INFO - Done. Returned value was: None
[2024-01-01T12:49:40.952+0000] {taskinstance.py:1138} INFO - Marking task as SUCCESS. dag_id=snow_dag, task_id=transform_inc_data, execution_date=20240101T124918, start_date=20240101T124940, end_date=20240101T124940
[2024-01-01T12:49:41.100+0000] {local_task_job_runner.py:234} INFO - Task exited with return code 0
[2024-01-01T12:49:41.120+0000] {taskinstance.py:3281} INFO - 0 downstream tasks scheduled from follow-on schedule check
