[2024-01-01T18:06:08.245+0000] {taskinstance.py:1957} INFO - Dependencies all met for dep_context=non-requeueable deps ti=<TaskInstance: snow_dag.transform_inc_data manual__2024-01-01T12:49:18.458339+00:00 [queued]>
[2024-01-01T18:06:08.257+0000] {taskinstance.py:1957} INFO - Dependencies all met for dep_context=requeueable deps ti=<TaskInstance: snow_dag.transform_inc_data manual__2024-01-01T12:49:18.458339+00:00 [queued]>
[2024-01-01T18:06:08.257+0000] {taskinstance.py:2171} INFO - Starting attempt 2 of 4
[2024-01-01T18:06:08.374+0000] {taskinstance.py:2192} INFO - Executing <Task(PythonOperator): transform_inc_data> on 2024-01-01 12:49:18.458339+00:00
[2024-01-01T18:06:08.379+0000] {standard_task_runner.py:60} INFO - Started process 275 to run task
[2024-01-01T18:06:08.381+0000] {standard_task_runner.py:87} INFO - Running: ['airflow', 'tasks', 'run', 'snow_dag', 'transform_inc_data', 'manual__2024-01-01T12:49:18.458339+00:00', '--job-id', '29', '--raw', '--subdir', 'DAGS_FOLDER/servicenow_dag.py', '--cfg-path', '/tmp/tmpifm1ubip']
[2024-01-01T18:06:08.383+0000] {standard_task_runner.py:88} INFO - Job 29: Subtask transform_inc_data
[2024-01-01T18:06:08.516+0000] {task_command.py:423} INFO - Running <TaskInstance: snow_dag.transform_inc_data manual__2024-01-01T12:49:18.458339+00:00 [running]> on host 332c07c177b3
[2024-01-01T18:06:08.687+0000] {taskinstance.py:2481} INFO - Exporting env vars: AIRFLOW_CTX_DAG_OWNER='prady1900' AIRFLOW_CTX_DAG_ID='snow_dag' AIRFLOW_CTX_TASK_ID='transform_inc_data' AIRFLOW_CTX_EXECUTION_DATE='2024-01-01T12:49:18.458339+00:00' AIRFLOW_CTX_TRY_NUMBER='2' AIRFLOW_CTX_DAG_RUN_ID='manual__2024-01-01T12:49:18.458339+00:00'
[2024-01-01T18:06:08.739+0000] {python.py:201} INFO - Done. Returned value was:         number impact  ... calendar_stc            assignment_group.value
0   INC0000060      2  ...       102197  287ebd7da9fe198100f92cc8d1d2154e
1   INC0009002      2  ...          114                               NaN
2   INC0000009      1  ...      7333549  d625dccec0a8016700a222a0f7900d06
3   INC0000010      2  ...      7851790  287ee6fea9fe198100ada7950d0b1b73
4   INC0000011      2  ...      7246500  8a5055c9c61122780043563ef53438e3
..         ...    ...  ...          ...                               ...
62  INC0009005      1  ...                                            NaN
63  INC0000049      2  ...               8a5055c9c61122780043563ef53438e3
64  INC0000050      1  ...               8a5055c9c61122780043563ef53438e3
65  INC0007001      1  ...               36c741fa731313005754660c4cf6a70d
66  INC0007002      3  ...                                            NaN

[67 rows x 7 columns]
[2024-01-01T18:06:08.985+0000] {taskinstance.py:1138} INFO - Marking task as SUCCESS. dag_id=snow_dag, task_id=transform_inc_data, execution_date=20240101T124918, start_date=20240101T180608, end_date=20240101T180608
[2024-01-01T18:06:09.116+0000] {local_task_job_runner.py:234} INFO - Task exited with return code 0
[2024-01-01T18:06:09.138+0000] {taskinstance.py:3281} INFO - 0 downstream tasks scheduled from follow-on schedule check
