[2024-01-04T16:52:44.790+0000] {taskinstance.py:1957} INFO - Dependencies all met for dep_context=non-requeueable deps ti=<TaskInstance: db_dg.create_post_DB manual__2024-01-04T16:52:33.352344+00:00 [queued]>
[2024-01-04T16:52:44.812+0000] {taskinstance.py:1957} INFO - Dependencies all met for dep_context=requeueable deps ti=<TaskInstance: db_dg.create_post_DB manual__2024-01-04T16:52:33.352344+00:00 [queued]>
[2024-01-04T16:52:44.813+0000] {taskinstance.py:2171} INFO - Starting attempt 1 of 3
[2024-01-04T16:52:44.918+0000] {taskinstance.py:2192} INFO - Executing <Task(PostgresOperator): create_post_DB> on 2024-01-04 16:52:33.352344+00:00
[2024-01-04T16:52:44.921+0000] {standard_task_runner.py:60} INFO - Started process 295 to run task
[2024-01-04T16:52:44.924+0000] {standard_task_runner.py:87} INFO - Running: ['airflow', 'tasks', 'run', 'db_dg', 'create_post_DB', 'manual__2024-01-04T16:52:33.352344+00:00', '--job-id', '38', '--raw', '--subdir', 'DAGS_FOLDER/create_database_dag.py', '--cfg-path', '/tmp/tmphupijyew']
[2024-01-04T16:52:44.927+0000] {standard_task_runner.py:88} INFO - Job 38: Subtask create_post_DB
[2024-01-04T16:52:45.051+0000] {task_command.py:423} INFO - Running <TaskInstance: db_dg.create_post_DB manual__2024-01-04T16:52:33.352344+00:00 [running]> on host e2a9126be768
[2024-01-04T16:52:45.250+0000] {taskinstance.py:2481} INFO - Exporting env vars: AIRFLOW_CTX_DAG_OWNER='prady1900' AIRFLOW_CTX_DAG_ID='db_dg' AIRFLOW_CTX_TASK_ID='create_post_DB' AIRFLOW_CTX_EXECUTION_DATE='2024-01-04T16:52:33.352344+00:00' AIRFLOW_CTX_TRY_NUMBER='1' AIRFLOW_CTX_DAG_RUN_ID='manual__2024-01-04T16:52:33.352344+00:00'
[2024-01-04T16:52:45.251+0000] {sql.py:276} INFO - Executing: 
create table if not exists incident_new(
    id serial ,
    impact integer,
    number varchar(50),
    severity integer,
    priority integer,
    assignment_group varchar(40),
    resolve_time integer,
    category varchar(50),
    primary key(id)
)
[2024-01-04T16:52:45.270+0000] {base.py:83} INFO - Using connection ID 'postgres_connect' for task execution.
[2024-01-04T16:52:45.403+0000] {base.py:83} INFO - Using connection ID 'postgres_connect' for task execution.
[2024-01-04T16:52:45.432+0000] {sql.py:432} INFO - Running statement: 
create table if not exists incident_new(
    id serial ,
    impact integer,
    number varchar(50),
    severity integer,
    priority integer,
    assignment_group varchar(40),
    resolve_time integer,
    category varchar(50),
    primary key(id)
), parameters: None
[2024-01-04T16:52:45.447+0000] {taskinstance.py:1138} INFO - Marking task as SUCCESS. dag_id=db_dg, task_id=create_post_DB, execution_date=20240104T165233, start_date=20240104T165244, end_date=20240104T165245
[2024-01-04T16:52:45.579+0000] {local_task_job_runner.py:234} INFO - Task exited with return code 0
[2024-01-04T16:52:45.608+0000] {taskinstance.py:3281} INFO - 1 downstream tasks scheduled from follow-on schedule check
